2025-05-30 04:10:54,553 - __main__ - INFO - Database tables created
2025-05-30 04:10:54,768 - __main__ - INFO - Starting Auto Filter Movie Bot with Daily Verification...
2025-05-30 04:10:55,367 - httpx - INFO - HTTP Request: POST https://api.telegram.org/bot7559910296:AAEMrANqoR_yaxXagXHp5NOZuz_leGCqN3s/getMe "HTTP/1.1 200 OK"
2025-05-30 04:10:55,552 - httpx - INFO - HTTP Request: POST https://api.telegram.org/bot7559910296:AAEMrANqoR_yaxXagXHp5NOZuz_leGCqN3s/deleteWebhook "HTTP/1.1 200 OK"
2025-05-30 04:10:55,559 - apscheduler.scheduler - INFO - Scheduler started
2025-05-30 04:10:55,565 - telegram.ext.Application - INFO - Application started
2025-05-30 04:11:06,139 - httpx - INFO - HTTP Request: POST https://api.telegram.org/bot7559910296:AAEMrANqoR_yaxXagXHp5NOZuz_leGCqN3s/getUpdates "HTTP/1.1 200 OK"
2025-05-30 04:11:16,329 - httpx - INFO - HTTP Request: POST https://api.telegram.org/bot7559910296:AAEMrANqoR_yaxXagXHp5NOZuz_leGCqN3s/getUpdates "HTTP/1.1 200 OK"
2025-05-30 04:11:26,527 - httpx - INFO - HTTP Request: POST https://api.telegram.org/bot7559910296:AAEMrANqoR_yaxXagXHp5NOZuz_leGCqN3s/getUpdates "HTTP/1.1 200 OK"
2025-05-30 04:11:34,951 - httpx - INFO - HTTP Request: POST https://api.telegram.org/bot7559910296:AAEMrANqoR_yaxXagXHp5NOZuz_leGCqN3s/getUpdates "HTTP/1.1 200 OK"
2025-05-30 04:11:36,492 - httpx - INFO - HTTP Request: POST https://api.telegram.org/bot7559910296:AAEMrANqoR_yaxXagXHp5NOZuz_leGCqN3s/sendMessage "HTTP/1.1 200 OK"
2025-05-30 04:11:45,915 - httpx - INFO - HTTP Request: POST https://api.telegram.org/bot7559910296:AAEMrANqoR_yaxXagXHp5NOZuz_leGCqN3s/getUpdates "HTTP/1.1 200 OK"
2025-05-30 04:11:46,182 - httpx - INFO - HTTP Request: POST https://api.telegram.org/bot7559910296:AAEMrANqoR_yaxXagXHp5NOZuz_leGCqN3s/getUpdates "HTTP/1.1 200 OK"
2025-05-30 04:11:52,229 - httpx - INFO - HTTP Request: POST https://api.telegram.org/bot7559910296:AAEMrANqoR_yaxXagXHp5NOZuz_leGCqN3s/getUpdates "HTTP/1.1 200 OK"
2025-05-30 04:11:53,666 - httpx - INFO - HTTP Request: POST https://api.telegram.org/bot7559910296:AAEMrANqoR_yaxXagXHp5NOZuz_leGCqN3s/sendMessage "HTTP/1.1 200 OK"
2025-05-30 04:12:03,123 - httpx - INFO - HTTP Request: POST https://api.telegram.org/bot7559910296:AAEMrANqoR_yaxXagXHp5NOZuz_leGCqN3s/getUpdates "HTTP/1.1 200 OK"
2025-05-30 04:12:13,310 - httpx - INFO - HTTP Request: POST https://api.telegram.org/bot7559910296:AAEMrANqoR_yaxXagXHp5NOZuz_leGCqN3s/getUpdates "HTTP/1.1 200 OK"
2025-05-30 04:12:19,364 - httpx - INFO - HTTP Request: POST https://api.telegram.org/bot7559910296:AAEMrANqoR_yaxXagXHp5NOZuz_leGCqN3s/getUpdates "HTTP/1.1 200 OK"
2025-05-30 04:12:20,814 - httpx - INFO - HTTP Request: POST https://api.telegram.org/bot7559910296:AAEMrANqoR_yaxXagXHp5NOZuz_leGCqN3s/sendMessage "HTTP/1.1 200 OK"
2025-05-30 04:12:30,263 - httpx - INFO - HTTP Request: POST https://api.telegram.org/bot7559910296:AAEMrANqoR_yaxXagXHp5NOZuz_leGCqN3s/getUpdates "HTTP/1.1 200 OK"
2025-05-30 04:12:40,448 - httpx - INFO - HTTP Request: POST https://api.telegram.org/bot7559910296:AAEMrANqoR_yaxXagXHp5NOZuz_leGCqN3s/getUpdates "HTTP/1.1 200 OK"
2025-05-30 04:12:50,634 - httpx - INFO - HTTP Request: POST https://api.telegram.org/bot7559910296:AAEMrANqoR_yaxXagXHp5NOZuz_leGCqN3s/getUpdates "HTTP/1.1 200 OK"
2025-05-30 04:13:00,823 - httpx - INFO - HTTP Request: POST https://api.telegram.org/bot7559910296:AAEMrANqoR_yaxXagXHp5NOZuz_leGCqN3s/getUpdates "HTTP/1.1 200 OK"
2025-05-30 04:13:11,007 - httpx - INFO - HTTP Request: POST https://api.telegram.org/bot7559910296:AAEMrANqoR_yaxXagXHp5NOZuz_leGCqN3s/getUpdates "HTTP/1.1 200 OK"
2025-05-30 04:13:21,193 - httpx - INFO - HTTP Request: POST https://api.telegram.org/bot7559910296:AAEMrANqoR_yaxXagXHp5NOZuz_leGCqN3s/getUpdates "HTTP/1.1 200 OK"
2025-05-30 04:13:31,380 - httpx - INFO - HTTP Request: POST https://api.telegram.org/bot7559910296:AAEMrANqoR_yaxXagXHp5NOZuz_leGCqN3s/getUpdates "HTTP/1.1 200 OK"
2025-05-30 04:13:41,566 - httpx - INFO - HTTP Request: POST https://api.telegram.org/bot7559910296:AAEMrANqoR_yaxXagXHp5NOZuz_leGCqN3s/getUpdates "HTTP/1.1 200 OK"
2025-05-30 04:13:51,752 - httpx - INFO - HTTP Request: POST https://api.telegram.org/bot7559910296:AAEMrANqoR_yaxXagXHp5NOZuz_leGCqN3s/getUpdates "HTTP/1.1 200 OK"
2025-05-30 04:14:01,937 - httpx - INFO - HTTP Request: POST https://api.telegram.org/bot7559910296:AAEMrANqoR_yaxXagXHp5NOZuz_leGCqN3s/getUpdates "HTTP/1.1 200 OK"
2025-05-30 04:14:12,123 - httpx - INFO - HTTP Request: POST https://api.telegram.org/bot7559910296:AAEMrANqoR_yaxXagXHp5NOZuz_leGCqN3s/getUpdates "HTTP/1.1 200 OK"
2025-05-30 04:14:22,308 - httpx - INFO - HTTP Request: POST https://api.telegram.org/bot7559910296:AAEMrANqoR_yaxXagXHp5NOZuz_leGCqN3s/getUpdates "HTTP/1.1 200 OK"
2025-05-30 04:14:32,494 - httpx - INFO - HTTP Request: POST https://api.telegram.org/bot7559910296:AAEMrANqoR_yaxXagXHp5NOZuz_leGCqN3s/getUpdates "HTTP/1.1 200 OK"
2025-05-30 04:14:42,680 - httpx - INFO - HTTP Request: POST https://api.telegram.org/bot7559910296:AAEMrANqoR_yaxXagXHp5NOZuz_leGCqN3s/getUpdates "HTTP/1.1 200 OK"
2025-05-30 04:14:52,865 - httpx - INFO - HTTP Request: POST https://api.telegram.org/bot7559910296:AAEMrANqoR_yaxXagXHp5NOZuz_leGCqN3s/getUpdates "HTTP/1.1 200 OK"
2025-05-30 04:15:03,050 - httpx - INFO - HTTP Request: POST https://api.telegram.org/bot7559910296:AAEMrANqoR_yaxXagXHp5NOZuz_leGCqN3s/getUpdates "HTTP/1.1 200 OK"
2025-05-30 04:15:13,236 - httpx - INFO - HTTP Request: POST https://api.telegram.org/bot7559910296:AAEMrANqoR_yaxXagXHp5NOZuz_leGCqN3s/getUpdates "HTTP/1.1 200 OK"
2025-05-30 04:15:23,423 - httpx - INFO - HTTP Request: POST https://api.telegram.org/bot7559910296:AAEMrANqoR_yaxXagXHp5NOZuz_leGCqN3s/getUpdates "HTTP/1.1 200 OK"
2025-05-30 04:15:33,609 - httpx - INFO - HTTP Request: POST https://api.telegram.org/bot7559910296:AAEMrANqoR_yaxXagXHp5NOZuz_leGCqN3s/getUpdates "HTTP/1.1 200 OK"
2025-05-30 04:15:43,795 - httpx - INFO - HTTP Request: POST https://api.telegram.org/bot7559910296:AAEMrANqoR_yaxXagXHp5NOZuz_leGCqN3s/getUpdates "HTTP/1.1 200 OK"
2025-05-30 04:15:53,981 - httpx - INFO - HTTP Request: POST https://api.telegram.org/bot7559910296:AAEMrANqoR_yaxXagXHp5NOZuz_leGCqN3s/getUpdates "HTTP/1.1 200 OK"
2025-05-30 04:16:04,167 - httpx - INFO - HTTP Request: POST https://api.telegram.org/bot7559910296:AAEMrANqoR_yaxXagXHp5NOZuz_leGCqN3s/getUpdates "HTTP/1.1 200 OK"
2025-05-30 04:16:14,353 - httpx - INFO - HTTP Request: POST https://api.telegram.org/bot7559910296:AAEMrANqoR_yaxXagXHp5NOZuz_leGCqN3s/getUpdates "HTTP/1.1 200 OK"
2025-05-30 04:16:24,540 - httpx - INFO - HTTP Request: POST https://api.telegram.org/bot7559910296:AAEMrANqoR_yaxXagXHp5NOZuz_leGCqN3s/getUpdates "HTTP/1.1 200 OK"
2025-05-30 04:16:34,726 - httpx - INFO - HTTP Request: POST https://api.telegram.org/bot7559910296:AAEMrANqoR_yaxXagXHp5NOZuz_leGCqN3s/getUpdates "HTTP/1.1 200 OK"
2025-05-30 04:16:44,914 - httpx - INFO - HTTP Request: POST https://api.telegram.org/bot7559910296:AAEMrANqoR_yaxXagXHp5NOZuz_leGCqN3s/getUpdates "HTTP/1.1 200 OK"
2025-05-30 04:16:55,109 - httpx - INFO - HTTP Request: POST https://api.telegram.org/bot7559910296:AAEMrANqoR_yaxXagXHp5NOZuz_leGCqN3s/getUpdates "HTTP/1.1 200 OK"
2025-05-30 04:17:05,294 - httpx - INFO - HTTP Request: POST https://api.telegram.org/bot7559910296:AAEMrANqoR_yaxXagXHp5NOZuz_leGCqN3s/getUpdates "HTTP/1.1 200 OK"
2025-05-30 04:17:15,480 - httpx - INFO - HTTP Request: POST https://api.telegram.org/bot7559910296:AAEMrANqoR_yaxXagXHp5NOZuz_leGCqN3s/getUpdates "HTTP/1.1 200 OK"
2025-05-30 04:17:25,665 - httpx - INFO - HTTP Request: POST https://api.telegram.org/bot7559910296:AAEMrANqoR_yaxXagXHp5NOZuz_leGCqN3s/getUpdates "HTTP/1.1 200 OK"
2025-05-30 04:17:35,850 - httpx - INFO - HTTP Request: POST https://api.telegram.org/bot7559910296:AAEMrANqoR_yaxXagXHp5NOZuz_leGCqN3s/getUpdates "HTTP/1.1 200 OK"
